# JRE version: Java(TM) SE Runtime Environment (8.0_65-b17) (build 1.8.0_65-b17)
# Java VM: Java HotSpot(TM) 64-Bit Server VM (25.65-b01 mixed mode windows-amd64 compressed oops)
Heap:
 PSYoungGen      total 280576K, used 191106K [0x0000000780980000, 0x0000000792c00000, 0x00000007c0000000)
  eden space 264704K, 72% used [0x0000000780980000,0x000000078c420800,0x0000000790c00000)
  from space 15872K, 0% used [0x0000000791c80000,0x0000000791c80000,0x0000000792c00000)
  to   space 16384K, 0% used [0x0000000790c00000,0x0000000790c00000,0x0000000791c00000)
 ParOldGen       total 186880K, used 22875K [0x0000000701c00000, 0x000000070d280000, 0x0000000780980000)
  object space 186880K, 12% used [0x0000000701c00000,0x0000000703256f60,0x000000070d280000)
 Metaspace       used 63131K, capacity 67496K, committed 67840K, reserved 1107968K
  class space    used 8347K, capacity 9116K, committed 9216K, reserved 1048576K
GC Heap History (10 events):
Event: 24.248 GC heap before
{Heap before GC invocations=14 (full 4):
 PSYoungGen      total 272896K, used 3697K [0x0000000780980000, 0x0000000792e00000, 0x00000007c0000000)
  eden space 264704K, 0% used [0x0000000780980000,0x0000000780980000,0x0000000790c00000)
  from space 8192K, 45% used [0x0000000792600000,0x000000079299c740,0x0000000792e00000)
  to   space 17408K, 0% used [0x0000000790c00000,0x0000000790c00000,0x0000000791d00000)
 ParOldGen       total 186880K, used 22309K [0x0000000701c00000, 0x000000070d280000, 0x0000000780980000)
  object space 186880K, 11% used [0x0000000701c00000,0x00000007031c9770,0x000000070d280000)
 Metaspace       used 59105K, capacity 62918K, committed 62976K, reserved 1103872K
  class space    used 8011K, capacity 8674K, committed 8704K, reserved 1048576K
Event: 24.360 GC heap after
Heap after GC invocations=14 (full 4):
 PSYoungGen      total 272896K, used 0K [0x0000000780980000, 0x0000000792e00000, 0x00000007c0000000)
  eden space 264704K, 0% used [0x0000000780980000,0x0000000780980000,0x0000000790c00000)
  from space 8192K, 0% used [0x0000000792600000,0x0000000792600000,0x0000000792e00000)
  to   space 17408K, 0% used [0x0000000790c00000,0x0000000790c00000,0x0000000791d00000)
 ParOldGen       total 186880K, used 18772K [0x0000000701c00000, 0x000000070d280000, 0x0000000780980000)
  object space 186880K, 10% used [0x0000000701c00000,0x0000000702e550c8,0x000000070d280000)
 Metaspace       used 59105K, capacity 62918K, committed 62976K, reserved 1103872K
  class space    used 8011K, capacity 8674K, committed 8704K, reserved 1048576K
}
Event: 156.948 GC heap before
{Heap before GC invocations=15 (full 4):
 PSYoungGen      total 272896K, used 219247K [0x0000000780980000, 0x0000000792e00000, 0x00000007c0000000)
  eden space 264704K, 82% used [0x0000000780980000,0x000000078df9bc80,0x0000000790c00000)
  from space 8192K, 0% used [0x0000000792600000,0x0000000792600000,0x0000000792e00000)
  to   space 17408K, 0% used [0x0000000790c00000,0x0000000790c00000,0x0000000791d00000)
 ParOldGen       total 186880K, used 18772K [0x0000000701c00000, 0x000000070d280000, 0x0000000780980000)
  object space 186880K, 10% used [0x0000000701c00000,0x0000000702e550c8,0x000000070d280000)
 Metaspace       used 61911K, capacity 66010K, committed 66176K, reserved 1105920K
  class space    used 8292K, capacity 8989K, committed 9088K, reserved 1048576K
Event: 156.959 GC heap after
Heap after GC invocations=15 (full 4):
 PSYoungGen      total 274944K, used 9924K [0x0000000780980000, 0x0000000792d00000, 0x00000007c0000000)
  eden space 264704K, 0% used [0x0000000780980000,0x0000000780980000,0x0000000790c00000)
  from space 10240K, 96% used [0x0000000790c00000,0x00000007915b1120,0x0000000791600000)
  to   space 16896K, 0% used [0x0000000791c80000,0x0000000791c80000,0x0000000792d00000)
 ParOldGen       total 186880K, used 18780K [0x0000000701c00000, 0x000000070d280000, 0x0000000780980000)
  object space 186880K, 10% used [0x0000000701c00000,0x0000000702e570c8,0x000000070d280000)
 Metaspace       used 61911K, capacity 66010K, committed 66176K, reserved 1105920K
  class space    used 8292K, capacity 8989K, committed 9088K, reserved 1048576K
}
Event: 156.959 GC heap before
{Heap before GC invocations=16 (full 5):
 PSYoungGen      total 274944K, used 9924K [0x0000000780980000, 0x0000000792d00000, 0x00000007c0000000)
  eden space 264704K, 0% used [0x0000000780980000,0x0000000780980000,0x0000000790c00000)
  from space 10240K, 96% used [0x0000000790c00000,0x00000007915b1120,0x0000000791600000)
  to   space 16896K, 0% used [0x0000000791c80000,0x0000000791c80000,0x0000000792d00000)
 ParOldGen       total 186880K, used 18780K [0x0000000701c00000, 0x000000070d280000, 0x0000000780980000)
  object space 186880K, 10% used [0x0000000701c00000,0x0000000702e570c8,0x000000070d280000)
 Metaspace       used 61911K, capacity 66010K, committed 66176K, reserved 1105920K
  class space    used 8292K, capacity 8989K, committed 9088K, reserved 1048576K
Event: 157.454 GC heap after
Heap after GC invocations=16 (full 5):
 PSYoungGen      total 274944K, used 0K [0x0000000780980000, 0x0000000792d00000, 0x00000007c0000000)
  eden space 264704K, 0% used [0x0000000780980000,0x0000000780980000,0x0000000790c00000)
  from space 10240K, 0% used [0x0000000790c00000,0x0000000790c00000,0x0000000791600000)
  to   space 16896K, 0% used [0x0000000791c80000,0x0000000791c80000,0x0000000792d00000)
 ParOldGen       total 186880K, used 24142K [0x0000000701c00000, 0x000000070d280000, 0x0000000780980000)
  object space 186880K, 12% used [0x0000000701c00000,0x0000000703393980,0x000000070d280000)
 Metaspace       used 61911K, capacity 66010K, committed 66176K, reserved 1105920K
  class space    used 8292K, capacity 8989K, committed 9088K, reserved 1048576K
}
Event: 319.375 GC heap before
{Heap before GC invocations=17 (full 5):
 PSYoungGen      total 274944K, used 202286K [0x0000000780980000, 0x0000000792d00000, 0x00000007c0000000)
  eden space 264704K, 76% used [0x0000000780980000,0x000000078cf0ba30,0x0000000790c00000)
  from space 10240K, 0% used [0x0000000790c00000,0x0000000790c00000,0x0000000791600000)
  to   space 16896K, 0% used [0x0000000791c80000,0x0000000791c80000,0x0000000792d00000)
 ParOldGen       total 186880K, used 24142K [0x0000000701c00000, 0x000000070d280000, 0x0000000780980000)
  object space 186880K, 12% used [0x0000000701c00000,0x0000000703393980,0x000000070d280000)
 Metaspace       used 62558K, capacity 66772K, committed 66944K, reserved 1107968K
  class space    used 8321K, capacity 9057K, committed 9088K, reserved 1048576K
Event: 319.382 GC heap after
Heap after GC invocations=17 (full 5):
 PSYoungGen      total 280576K, used 8032K [0x0000000780980000, 0x0000000792c00000, 0x00000007c0000000)
  eden space 264704K, 0% used [0x0000000780980000,0x0000000780980000,0x0000000790c00000)
  from space 15872K, 50% used [0x0000000791c80000,0x00000007924580a0,0x0000000792c00000)
  to   space 16384K, 0% used [0x0000000790c00000,0x0000000790c00000,0x0000000791c00000)
 ParOldGen       total 186880K, used 24150K [0x0000000701c00000, 0x000000070d280000, 0x0000000780980000)
  object space 186880K, 12% used [0x0000000701c00000,0x0000000703395980,0x000000070d280000)
 Metaspace       used 62558K, capacity 66772K, committed 66944K, reserved 1107968K
  class space    used 8321K, capacity 9057K, committed 9088K, reserved 1048576K
}
Event: 319.382 GC heap before
{Heap before GC invocations=18 (full 6):
 PSYoungGen      total 280576K, used 8032K [0x0000000780980000, 0x0000000792c00000, 0x00000007c0000000)
  eden space 264704K, 0% used [0x0000000780980000,0x0000000780980000,0x0000000790c00000)
  from space 15872K, 50% used [0x0000000791c80000,0x00000007924580a0,0x0000000792c00000)
  to   space 16384K, 0% used [0x0000000790c00000,0x0000000790c00000,0x0000000791c00000)
 ParOldGen       total 186880K, used 24150K [0x0000000701c00000, 0x000000070d280000, 0x0000000780980000)
  object space 186880K, 12% used [0x0000000701c00000,0x0000000703395980,0x000000070d280000)
 Metaspace       used 62558K, capacity 66772K, committed 66944K, reserved 1107968K
  class space    used 8321K, capacity 9057K, committed 9088K, reserved 1048576K
Event: 319.533 GC heap after
Heap after GC invocations=18 (full 6):
 PSYoungGen      total 280576K, used 0K [0x0000000780980000, 0x0000000792c00000, 0x00000007c0000000)
  eden space 264704K, 0% used [0x0000000780980000,0x0000000780980000,0x0000000790c00000)
  from space 15872K, 0% used [0x0000000791c80000,0x0000000791c80000,0x0000000792c00000)
  to   space 16384K, 0% used [0x0000000790c00000,0x0000000790c00000,0x0000000791c00000)
 ParOldGen       total 186880K, used 22875K [0x0000000701c00000, 0x000000070d280000, 0x0000000780980000)
  object space 186880K, 12% used [0x0000000701c00000,0x0000000703256f60,0x000000070d280000)
 Metaspace       used 62555K, capacity 66766K, committed 66944K, reserved 1107968K
  class space    used 8321K, capacity 9055K, committed 9088K, reserved 1048576K
}

