# JRE version: Java(TM) SE Runtime Environment (8.0_65-b17) (build 1.8.0_65-b17)
# Java VM: Java HotSpot(TM) 64-Bit Server VM (25.65-b01 mixed mode windows-amd64 compressed oops)
Heap:
 PSYoungGen      total 327168K, used 46038K [0x0000000780980000, 0x0000000796380000, 0x00000007c0000000)
  eden space 318976K, 14% used [0x0000000780980000,0x0000000783675bd8,0x0000000794100000)
  from space 8192K, 0% used [0x0000000794800000,0x0000000794800000,0x0000000795000000)
  to   space 16384K, 0% used [0x0000000795380000,0x0000000795380000,0x0000000796380000)
 ParOldGen       total 171520K, used 22349K [0x0000000701c00000, 0x000000070c380000, 0x0000000780980000)
  object space 171520K, 13% used [0x0000000701c00000,0x00000007031d3460,0x000000070c380000)
 Metaspace       used 61945K, capacity 66082K, committed 66176K, reserved 1105920K
  class space    used 8297K, capacity 8998K, committed 9088K, reserved 1048576K
GC Heap History (10 events):
Event: 10.589 GC heap before
{Heap before GC invocations=12 (full 3):
 PSYoungGen      total 286208K, used 11201K [0x0000000780980000, 0x0000000797380000, 0x00000007c0000000)
  eden space 269312K, 0% used [0x0000000780980000,0x0000000780980000,0x0000000791080000)
  from space 16896K, 66% used [0x0000000791080000,0x0000000791b70610,0x0000000792100000)
  to   space 16896K, 0% used [0x0000000796300000,0x0000000796300000,0x0000000797380000)
 ParOldGen       total 119808K, used 19698K [0x0000000701c00000, 0x0000000709100000, 0x0000000780980000)
  object space 119808K, 16% used [0x0000000701c00000,0x0000000702f3cb58,0x0000000709100000)
 Metaspace       used 56004K, capacity 58868K, committed 59008K, reserved 1099776K
  class space    used 7468K, capacity 7972K, committed 8064K, reserved 1048576K
Event: 10.786 GC heap after
Heap after GC invocations=12 (full 3):
 PSYoungGen      total 286208K, used 0K [0x0000000780980000, 0x0000000797380000, 0x00000007c0000000)
  eden space 269312K, 0% used [0x0000000780980000,0x0000000780980000,0x0000000791080000)
  from space 16896K, 0% used [0x0000000791080000,0x0000000791080000,0x0000000792100000)
  to   space 16896K, 0% used [0x0000000796300000,0x0000000796300000,0x0000000797380000)
 ParOldGen       total 171520K, used 22264K [0x0000000701c00000, 0x000000070c380000, 0x0000000780980000)
  object space 171520K, 12% used [0x0000000701c00000,0x00000007031be030,0x000000070c380000)
 Metaspace       used 56004K, capacity 58868K, committed 59008K, reserved 1099776K
  class space    used 7468K, capacity 7972K, committed 8064K, reserved 1048576K
}
Event: 135.273 GC heap before
{Heap before GC invocations=13 (full 3):
 PSYoungGen      total 286208K, used 95082K [0x0000000780980000, 0x0000000797380000, 0x00000007c0000000)
  eden space 269312K, 35% used [0x0000000780980000,0x000000078665a850,0x0000000791080000)
  from space 16896K, 0% used [0x0000000791080000,0x0000000791080000,0x0000000792100000)
  to   space 16896K, 0% used [0x0000000796300000,0x0000000796300000,0x0000000797380000)
 ParOldGen       total 171520K, used 22264K [0x0000000701c00000, 0x000000070c380000, 0x0000000780980000)
  object space 171520K, 12% used [0x0000000701c00000,0x00000007031be030,0x000000070c380000)
 Metaspace       used 61084K, capacity 65042K, committed 65280K, reserved 1105920K
  class space    used 8265K, capacity 8928K, committed 8960K, reserved 1048576K
Event: 135.281 GC heap after
Heap after GC invocations=13 (full 3):
 PSYoungGen      total 325120K, used 5747K [0x0000000780980000, 0x0000000796900000, 0x00000007c0000000)
  eden space 318976K, 0% used [0x0000000780980000,0x0000000780980000,0x0000000794100000)
  from space 6144K, 93% used [0x0000000796300000,0x000000079689cd90,0x0000000796900000)
  to   space 16896K, 0% used [0x0000000794800000,0x0000000794800000,0x0000000795880000)
 ParOldGen       total 171520K, used 22272K [0x0000000701c00000, 0x000000070c380000, 0x0000000780980000)
  object space 171520K, 12% used [0x0000000701c00000,0x00000007031c0030,0x000000070c380000)
 Metaspace       used 61084K, capacity 65042K, committed 65280K, reserved 1105920K
  class space    used 8265K, capacity 8928K, committed 8960K, reserved 1048576K
}
Event: 135.281 GC heap before
{Heap before GC invocations=14 (full 4):
 PSYoungGen      total 325120K, used 5747K [0x0000000780980000, 0x0000000796900000, 0x00000007c0000000)
  eden space 318976K, 0% used [0x0000000780980000,0x0000000780980000,0x0000000794100000)
  from space 6144K, 93% used [0x0000000796300000,0x000000079689cd90,0x0000000796900000)
  to   space 16896K, 0% used [0x0000000794800000,0x0000000794800000,0x0000000795880000)
 ParOldGen       total 171520K, used 22272K [0x0000000701c00000, 0x000000070c380000, 0x0000000780980000)
  object space 171520K, 12% used [0x0000000701c00000,0x00000007031c0030,0x000000070c380000)
 Metaspace       used 61084K, capacity 65042K, committed 65280K, reserved 1105920K
  class space    used 8265K, capacity 8928K, committed 8960K, reserved 1048576K
Event: 135.440 GC heap after
Heap after GC invocations=14 (full 4):
 PSYoungGen      total 325120K, used 0K [0x0000000780980000, 0x0000000796900000, 0x00000007c0000000)
  eden space 318976K, 0% used [0x0000000780980000,0x0000000780980000,0x0000000794100000)
  from space 6144K, 0% used [0x0000000796300000,0x0000000796300000,0x0000000796900000)
  to   space 16896K, 0% used [0x0000000794800000,0x0000000794800000,0x0000000795880000)
 ParOldGen       total 171520K, used 20939K [0x0000000701c00000, 0x000000070c380000, 0x0000000780980000)
  object space 171520K, 12% used [0x0000000701c00000,0x0000000703072e38,0x000000070c380000)
 Metaspace       used 61084K, capacity 65042K, committed 65280K, reserved 1105920K
  class space    used 8265K, capacity 8928K, committed 8960K, reserved 1048576K
}
Event: 189.487 GC heap before
{Heap before GC invocations=15 (full 4):
 PSYoungGen      total 325120K, used 210428K [0x0000000780980000, 0x0000000796900000, 0x00000007c0000000)
  eden space 318976K, 65% used [0x0000000780980000,0x000000078d6ff208,0x0000000794100000)
  from space 6144K, 0% used [0x0000000796300000,0x0000000796300000,0x0000000796900000)
  to   space 16896K, 0% used [0x0000000794800000,0x0000000794800000,0x0000000795880000)
 ParOldGen       total 171520K, used 20939K [0x0000000701c00000, 0x000000070c380000, 0x0000000780980000)
  object space 171520K, 12% used [0x0000000701c00000,0x0000000703072e38,0x000000070c380000)
 Metaspace       used 61878K, capacity 65904K, committed 66176K, reserved 1105920K
  class space    used 8292K, capacity 8990K, committed 9088K, reserved 1048576K
Event: 189.493 GC heap after
Heap after GC invocations=15 (full 4):
 PSYoungGen      total 327168K, used 7693K [0x0000000780980000, 0x0000000796380000, 0x00000007c0000000)
  eden space 318976K, 0% used [0x0000000780980000,0x0000000780980000,0x0000000794100000)
  from space 8192K, 93% used [0x0000000794800000,0x0000000794f834c0,0x0000000795000000)
  to   space 16384K, 0% used [0x0000000795380000,0x0000000795380000,0x0000000796380000)
 ParOldGen       total 171520K, used 20947K [0x0000000701c00000, 0x000000070c380000, 0x0000000780980000)
  object space 171520K, 12% used [0x0000000701c00000,0x0000000703074e38,0x000000070c380000)
 Metaspace       used 61878K, capacity 65904K, committed 66176K, reserved 1105920K
  class space    used 8292K, capacity 8990K, committed 9088K, reserved 1048576K
}
Event: 189.493 GC heap before
{Heap before GC invocations=16 (full 5):
 PSYoungGen      total 327168K, used 7693K [0x0000000780980000, 0x0000000796380000, 0x00000007c0000000)
  eden space 318976K, 0% used [0x0000000780980000,0x0000000780980000,0x0000000794100000)
  from space 8192K, 93% used [0x0000000794800000,0x0000000794f834c0,0x0000000795000000)
  to   space 16384K, 0% used [0x0000000795380000,0x0000000795380000,0x0000000796380000)
 ParOldGen       total 171520K, used 20947K [0x0000000701c00000, 0x000000070c380000, 0x0000000780980000)
  object space 171520K, 12% used [0x0000000701c00000,0x0000000703074e38,0x000000070c380000)
 Metaspace       used 61878K, capacity 65904K, committed 66176K, reserved 1105920K
  class space    used 8292K, capacity 8990K, committed 9088K, reserved 1048576K
Event: 189.670 GC heap after
Heap after GC invocations=16 (full 5):
 PSYoungGen      total 327168K, used 0K [0x0000000780980000, 0x0000000796380000, 0x00000007c0000000)
  eden space 318976K, 0% used [0x0000000780980000,0x0000000780980000,0x0000000794100000)
  from space 8192K, 0% used [0x0000000794800000,0x0000000794800000,0x0000000795000000)
  to   space 16384K, 0% used [0x0000000795380000,0x0000000795380000,0x0000000796380000)
 ParOldGen       total 171520K, used 22349K [0x0000000701c00000, 0x000000070c380000, 0x0000000780980000)
  object space 171520K, 13% used [0x0000000701c00000,0x00000007031d3460,0x000000070c380000)
 Metaspace       used 61878K, capacity 65904K, committed 66176K, reserved 1105920K
  class space    used 8292K, capacity 8990K, committed 9088K, reserved 1048576K
}

